!SESSION 2018-12-14 14:48:11.732 -----------------------------------------------
eclipse.buildId=unknown
java.fullversion=8.0.5.0 - pwa6480sr5-20170905_01(SR5)
JRE 1.8.0 IBM J9 2.9 Windows 10 amd64-64 Compressed References 20170901_363591 (JIT enabled, AOT enabled)
J9VM - d56eb84
JIT  - tr.open_20170901_140853_d56eb84
OMR  - b033a01
BootLoader constants: OS=win32, ARCH=x86_64, WS=win32, NL=it_IT
Command-line arguments:  -clean -nl it_IT -configuration C:\Users\ASUS\Desktop\Combinatorial Optimization\Homework 1\.metadata\workspace_oplrun

!ENTRY ilog.odms.ide.opllang.remote 1 0 2018-12-14 14:48:11.733
!MESSAGE Run Configuration1 in C:/Users/ASUS/Desktop/Combinatorial Optimization/Homework 1/Homework_1_OPL
!SESSION 2018-12-14 14:49:40.497 -----------------------------------------------
eclipse.buildId=unknown
java.fullversion=8.0.5.0 - pwa6480sr5-20170905_01(SR5)
JRE 1.8.0 IBM J9 2.9 Windows 10 amd64-64 Compressed References 20170901_363591 (JIT enabled, AOT enabled)
J9VM - d56eb84
JIT  - tr.open_20170901_140853_d56eb84
OMR  - b033a01
BootLoader constants: OS=win32, ARCH=x86_64, WS=win32, NL=it_IT
Command-line arguments:  -clean -nl it_IT -configuration C:\Users\ASUS\Desktop\Combinatorial Optimization\Homework 1\.metadata\workspace_oplrun

!ENTRY ilog.odms.ide.opllang.remote 1 0 2018-12-14 14:49:40.499
!MESSAGE Run Configuration1 in C:/Users/ASUS/Desktop/Combinatorial Optimization/Homework 1/Homework_1_OPL
!SESSION 2018-12-14 14:59:12.830 -----------------------------------------------
eclipse.buildId=unknown
java.fullversion=8.0.5.0 - pwa6480sr5-20170905_01(SR5)
JRE 1.8.0 IBM J9 2.9 Windows 10 amd64-64 Compressed References 20170901_363591 (JIT enabled, AOT enabled)
J9VM - d56eb84
JIT  - tr.open_20170901_140853_d56eb84
OMR  - b033a01
BootLoader constants: OS=win32, ARCH=x86_64, WS=win32, NL=it_IT
Command-line arguments:  -clean -nl it_IT -configuration C:\Users\ASUS\Desktop\Combinatorial Optimization\Homework 1\.metadata\workspace_oplrun

!ENTRY ilog.odms.ide.opllang.remote 1 0 2018-12-14 14:59:12.830
!MESSAGE Run Configuration1 in C:/Users/ASUS/Desktop/Combinatorial Optimization/Homework 1/Homework_1_OPL
!SESSION 2018-12-14 15:00:31.322 -----------------------------------------------
eclipse.buildId=unknown
java.fullversion=8.0.5.0 - pwa6480sr5-20170905_01(SR5)
JRE 1.8.0 IBM J9 2.9 Windows 10 amd64-64 Compressed References 20170901_363591 (JIT enabled, AOT enabled)
J9VM - d56eb84
JIT  - tr.open_20170901_140853_d56eb84
OMR  - b033a01
BootLoader constants: OS=win32, ARCH=x86_64, WS=win32, NL=it_IT
Command-line arguments:  -clean -nl it_IT -configuration C:\Users\ASUS\Desktop\Combinatorial Optimization\Homework 1\.metadata\workspace_oplrun

!ENTRY ilog.odms.ide.opllang.remote 1 0 2018-12-14 15:00:31.323
!MESSAGE Run Configuration1 in C:/Users/ASUS/Desktop/Combinatorial Optimization/Homework 1/Homework_1_OPL

!ENTRY ilog.odms.ide.opllang.remote 4 0 2018-12-14 15:13:22.923
!MESSAGE run failed
!STACK 0
ilog.concert.IloException: Processing aborted.
	at ilog.opl.opl_lang_wrapJNI.IloOplErrorHandlerWrapper_superOk(Native Method)
	at ilog.opl.IloOplErrorHandlerWrapper.superOk(IloOplErrorHandlerWrapper.java:86)
	at ilog.opl.IloCustomOplErrorHandler.customOk(IloCustomOplErrorHandler.java:78)
	at ilog.opl.IloCustomOplErrorHandler$MyEH.ok(IloCustomOplErrorHandler.java:35)
	at ilog.opl.opl_lang_wrapJNI.SwigDirector_IloOplErrorHandlerWrapper_ok(opl_lang_wrapJNI.java:1137)
	at ilog.opl.opl_lang_wrapJNI.IloOplErrorHandler_ok(Native Method)
	at ilog.opl.IloOplErrorHandler.ok(IloOplErrorHandler.java:122)
	at ilog.odms.ide.opllang.remote.IloOplRunConfigRunner.doProcessSimpleCplex(IloOplRunConfigRunner.java:279)
	at ilog.odms.ide.opllang.remote.IloOplRunConfigRunner.doProcessSimple(IloOplRunConfigRunner.java:177)
	at ilog.odms.ide.opllang.remote.IloOplRunConfigRunner.doProcessModel(IloOplRunConfigRunner.java:163)
	at ilog.odms.ide.opllang.remote.IloOplRunConfigRunner.doRun(IloOplRunConfigRunner.java:377)
	at ilog.odms.ide.opllang.run.IloAbstractRunShell$2.run(IloAbstractRunShell.java:1587)
	at org.eclipse.core.internal.jobs.Worker.run(Worker.java:54)
